<?xml version="1.0" encoding="UTF-8"?>
<testsuite xmlns:xsi="http://www.w3.org/2001/XMLSchema-instance" xsi:noNamespaceSchemaLocation="https://maven.apache.org/surefire/maven-surefire-plugin/xsd/surefire-test-report.xsd" name="com.example.demo.DemoApplicationTests" time="3.356" tests="1" errors="0" skipped="0" failures="0">
  <properties>
    <property name="sun.desktop" value="windows"/>
    <property name="awt.toolkit" value="sun.awt.windows.WToolkit"/>
    <property name="file.encoding.pkg" value="sun.io"/>
    <property name="java.specification.version" value="1.8"/>
    <property name="sun.cpu.isalist" value="amd64"/>
    <property name="sun.jnu.encoding" value="GBK"/>
    <property name="java.class.path" value="D:\Program Files (x86)\springboot-yidong\target\test-classes;D:\Program Files (x86)\springboot-yidong\target\classes;D:\Maven\org\mybatis\spring\boot\mybatis-spring-boot-starter\2.2.0\mybatis-spring-boot-starter-2.2.0.jar;D:\Maven\org\springframework\boot\spring-boot-starter\2.5.2\spring-boot-starter-2.5.2.jar;D:\Maven\org\springframework\boot\spring-boot\2.5.2\spring-boot-2.5.2.jar;D:\Maven\org\springframework\boot\spring-boot-autoconfigure\2.5.2\spring-boot-autoconfigure-2.5.2.jar;D:\Maven\org\springframework\boot\spring-boot-starter-logging\2.5.2\spring-boot-starter-logging-2.5.2.jar;D:\Maven\ch\qos\logback\logback-classic\1.2.3\logback-classic-1.2.3.jar;D:\Maven\ch\qos\logback\logback-core\1.2.3\logback-core-1.2.3.jar;D:\Maven\org\apache\logging\log4j\log4j-to-slf4j\2.14.1\log4j-to-slf4j-2.14.1.jar;D:\Maven\org\apache\logging\log4j\log4j-api\2.14.1\log4j-api-2.14.1.jar;D:\Maven\org\slf4j\jul-to-slf4j\1.7.31\jul-to-slf4j-1.7.31.jar;D:\Maven\org\yaml\snakeyaml\1.28\snakeyaml-1.28.jar;D:\Maven\org\springframework\boot\spring-boot-starter-jdbc\2.5.2\spring-boot-starter-jdbc-2.5.2.jar;D:\Maven\com\zaxxer\HikariCP\4.0.3\HikariCP-4.0.3.jar;D:\Maven\org\springframework\spring-jdbc\5.3.8\spring-jdbc-5.3.8.jar;D:\Maven\org\springframework\spring-tx\5.3.8\spring-tx-5.3.8.jar;D:\Maven\org\mybatis\spring\boot\mybatis-spring-boot-autoconfigure\2.2.0\mybatis-spring-boot-autoconfigure-2.2.0.jar;D:\Maven\org\mybatis\mybatis\3.5.7\mybatis-3.5.7.jar;D:\Maven\org\mybatis\mybatis-spring\2.0.6\mybatis-spring-2.0.6.jar;D:\Maven\mysql\mysql-connector-java\8.0.25\mysql-connector-java-8.0.25.jar;D:\Maven\org\springframework\boot\spring-boot-starter-test\2.5.2\spring-boot-starter-test-2.5.2.jar;D:\Maven\org\springframework\boot\spring-boot-test\2.5.2\spring-boot-test-2.5.2.jar;D:\Maven\org\springframework\boot\spring-boot-test-autoconfigure\2.5.2\spring-boot-test-autoconfigure-2.5.2.jar;D:\Maven\com\jayway\jsonpath\json-path\2.5.0\json-path-2.5.0.jar;D:\Maven\net\minidev\json-smart\2.4.7\json-smart-2.4.7.jar;D:\Maven\net\minidev\accessors-smart\2.4.7\accessors-smart-2.4.7.jar;D:\Maven\org\ow2\asm\asm\9.1\asm-9.1.jar;D:\Maven\jakarta\xml\bind\jakarta.xml.bind-api\2.3.3\jakarta.xml.bind-api-2.3.3.jar;D:\Maven\jakarta\activation\jakarta.activation-api\1.2.2\jakarta.activation-api-1.2.2.jar;D:\Maven\org\assertj\assertj-core\3.19.0\assertj-core-3.19.0.jar;D:\Maven\org\hamcrest\hamcrest\2.2\hamcrest-2.2.jar;D:\Maven\org\junit\jupiter\junit-jupiter\5.7.2\junit-jupiter-5.7.2.jar;D:\Maven\org\junit\jupiter\junit-jupiter-api\5.7.2\junit-jupiter-api-5.7.2.jar;D:\Maven\org\apiguardian\apiguardian-api\1.1.0\apiguardian-api-1.1.0.jar;D:\Maven\org\opentest4j\opentest4j\1.2.0\opentest4j-1.2.0.jar;D:\Maven\org\junit\platform\junit-platform-commons\1.7.2\junit-platform-commons-1.7.2.jar;D:\Maven\org\junit\jupiter\junit-jupiter-params\5.7.2\junit-jupiter-params-5.7.2.jar;D:\Maven\org\junit\jupiter\junit-jupiter-engine\5.7.2\junit-jupiter-engine-5.7.2.jar;D:\Maven\org\junit\platform\junit-platform-engine\1.7.2\junit-platform-engine-1.7.2.jar;D:\Maven\org\mockito\mockito-core\3.9.0\mockito-core-3.9.0.jar;D:\Maven\net\bytebuddy\byte-buddy\1.10.22\byte-buddy-1.10.22.jar;D:\Maven\net\bytebuddy\byte-buddy-agent\1.10.22\byte-buddy-agent-1.10.22.jar;D:\Maven\org\objenesis\objenesis\3.2\objenesis-3.2.jar;D:\Maven\org\mockito\mockito-junit-jupiter\3.9.0\mockito-junit-jupiter-3.9.0.jar;D:\Maven\org\skyscreamer\jsonassert\1.5.0\jsonassert-1.5.0.jar;D:\Maven\com\vaadin\external\google\android-json\0.0.20131108.vaadin1\android-json-0.0.20131108.vaadin1.jar;D:\Maven\org\springframework\spring-core\5.3.8\spring-core-5.3.8.jar;D:\Maven\org\springframework\spring-jcl\5.3.8\spring-jcl-5.3.8.jar;D:\Maven\org\springframework\spring-test\5.3.8\spring-test-5.3.8.jar;D:\Maven\org\xmlunit\xmlunit-core\2.8.2\xmlunit-core-2.8.2.jar;D:\Maven\org\springframework\boot\spring-boot-starter-web\2.5.2\spring-boot-starter-web-2.5.2.jar;D:\Maven\org\springframework\spring-web\5.3.8\spring-web-5.3.8.jar;D:\Maven\org\springframework\spring-beans\5.3.8\spring-beans-5.3.8.jar;D:\Maven\org\springframework\spring-webmvc\5.3.8\spring-webmvc-5.3.8.jar;D:\Maven\org\springframework\spring-aop\5.3.8\spring-aop-5.3.8.jar;D:\Maven\org\springframework\spring-context\5.3.8\spring-context-5.3.8.jar;D:\Maven\org\springframework\spring-expression\5.3.8\spring-expression-5.3.8.jar;D:\Maven\org\springframework\boot\spring-boot-starter-thymeleaf\2.5.2\spring-boot-starter-thymeleaf-2.5.2.jar;D:\Maven\org\thymeleaf\thymeleaf-spring5\3.0.12.RELEASE\thymeleaf-spring5-3.0.12.RELEASE.jar;D:\Maven\org\thymeleaf\thymeleaf\3.0.12.RELEASE\thymeleaf-3.0.12.RELEASE.jar;D:\Maven\org\attoparser\attoparser\2.0.5.RELEASE\attoparser-2.0.5.RELEASE.jar;D:\Maven\org\unbescape\unbescape\1.1.6.RELEASE\unbescape-1.1.6.RELEASE.jar;D:\Maven\org\thymeleaf\extras\thymeleaf-extras-java8time\3.0.4.RELEASE\thymeleaf-extras-java8time-3.0.4.RELEASE.jar;D:\Maven\org\springframework\boot\spring-boot-starter-freemarker\2.5.2\spring-boot-starter-freemarker-2.5.2.jar;D:\Maven\org\freemarker\freemarker\2.3.31\freemarker-2.3.31.jar;D:\Maven\org\springframework\spring-context-support\5.3.8\spring-context-support-5.3.8.jar;D:\Maven\org\projectlombok\lombok\1.16.18\lombok-1.16.18.jar;D:\Maven\com\github\pagehelper\pagehelper-spring-boot-starter\1.3.1\pagehelper-spring-boot-starter-1.3.1.jar;D:\Maven\com\github\pagehelper\pagehelper-spring-boot-autoconfigure\1.3.1\pagehelper-spring-boot-autoconfigure-1.3.1.jar;D:\Maven\com\github\pagehelper\pagehelper\5.2.1\pagehelper-5.2.1.jar;D:\Maven\com\github\jsqlparser\jsqlparser\4.0\jsqlparser-4.0.jar;D:\Maven\io\springfox\springfox-swagger2\2.9.2\springfox-swagger2-2.9.2.jar;D:\Maven\io\swagger\swagger-annotations\1.5.20\swagger-annotations-1.5.20.jar;D:\Maven\io\swagger\swagger-models\1.5.20\swagger-models-1.5.20.jar;D:\Maven\com\fasterxml\jackson\core\jackson-annotations\2.12.3\jackson-annotations-2.12.3.jar;D:\Maven\io\springfox\springfox-spi\2.9.2\springfox-spi-2.9.2.jar;D:\Maven\io\springfox\springfox-core\2.9.2\springfox-core-2.9.2.jar;D:\Maven\io\springfox\springfox-schema\2.9.2\springfox-schema-2.9.2.jar;D:\Maven\io\springfox\springfox-swagger-common\2.9.2\springfox-swagger-common-2.9.2.jar;D:\Maven\io\springfox\springfox-spring-web\2.9.2\springfox-spring-web-2.9.2.jar;D:\Maven\com\google\guava\guava\20.0\guava-20.0.jar;D:\Maven\com\fasterxml\classmate\1.5.1\classmate-1.5.1.jar;D:\Maven\org\slf4j\slf4j-api\1.7.31\slf4j-api-1.7.31.jar;D:\Maven\org\springframework\plugin\spring-plugin-core\1.2.0.RELEASE\spring-plugin-core-1.2.0.RELEASE.jar;D:\Maven\org\springframework\plugin\spring-plugin-metadata\1.2.0.RELEASE\spring-plugin-metadata-1.2.0.RELEASE.jar;D:\Maven\org\mapstruct\mapstruct\1.2.0.Final\mapstruct-1.2.0.Final.jar;D:\Maven\io\springfox\springfox-swagger-ui\2.9.2\springfox-swagger-ui-2.9.2.jar;D:\Maven\com\alibaba\fastjson\1.2.35\fastjson-1.2.35.jar;D:\Maven\org\springframework\boot\spring-boot-starter-json\2.0.3.RELEASE\spring-boot-starter-json-2.0.3.RELEASE.jar;D:\Maven\com\fasterxml\jackson\core\jackson-databind\2.12.3\jackson-databind-2.12.3.jar;D:\Maven\com\fasterxml\jackson\core\jackson-core\2.12.3\jackson-core-2.12.3.jar;D:\Maven\com\fasterxml\jackson\datatype\jackson-datatype-jdk8\2.12.3\jackson-datatype-jdk8-2.12.3.jar;D:\Maven\com\fasterxml\jackson\datatype\jackson-datatype-jsr310\2.12.3\jackson-datatype-jsr310-2.12.3.jar;D:\Maven\com\fasterxml\jackson\module\jackson-module-parameter-names\2.12.3\jackson-module-parameter-names-2.12.3.jar;D:\Maven\io\github\yedaxia\japidocs\1.3\japidocs-1.3.jar;D:\Maven\com\google\code\gson\gson\2.8.7\gson-2.8.7.jar;D:\Maven\com\github\javaparser\javaparser-core\3.6.16\javaparser-core-3.6.16.jar;D:\Maven\org\springframework\boot\spring-boot-starter-tomcat\2.5.2\spring-boot-starter-tomcat-2.5.2.jar;D:\Maven\jakarta\annotation\jakarta.annotation-api\1.3.5\jakarta.annotation-api-1.3.5.jar;D:\Maven\org\apache\tomcat\embed\tomcat-embed-core\9.0.48\tomcat-embed-core-9.0.48.jar;D:\Maven\org\apache\tomcat\embed\tomcat-embed-el\9.0.48\tomcat-embed-el-9.0.48.jar;D:\Maven\org\apache\tomcat\embed\tomcat-embed-websocket\9.0.48\tomcat-embed-websocket-9.0.48.jar;"/>
    <property name="java.vm.vendor" value="Oracle Corporation"/>
    <property name="sun.arch.data.model" value="64"/>
    <property name="user.variant" value=""/>
    <property name="java.vendor.url" value="http://java.oracle.com/"/>
    <property name="user.timezone" value="Asia/Shanghai"/>
    <property name="java.vm.specification.version" value="1.8"/>
    <property name="os.name" value="Windows 10"/>
    <property name="user.country" value="CN"/>
    <property name="sun.java.launcher" value="SUN_STANDARD"/>
    <property name="sun.boot.library.path" value="C:\Program Files\Java\jdk1.8.0_151\jre\bin"/>
    <property name="sun.java.command" value="C:\Users\ADMINI~1\AppData\Local\Temp\surefire8251879755900676065\surefirebooter4645391597073157733.jar C:\Users\Administrator\AppData\Local\Temp\surefire8251879755900676065 2021-08-09T10-15-39_717-jvmRun1 surefire5858637410417642092tmp surefire_02207276941119957941tmp"/>
    <property name="surefire.test.class.path" value="D:\Program Files (x86)\springboot-yidong\target\test-classes;D:\Program Files (x86)\springboot-yidong\target\classes;D:\Maven\org\mybatis\spring\boot\mybatis-spring-boot-starter\2.2.0\mybatis-spring-boot-starter-2.2.0.jar;D:\Maven\org\springframework\boot\spring-boot-starter\2.5.2\spring-boot-starter-2.5.2.jar;D:\Maven\org\springframework\boot\spring-boot\2.5.2\spring-boot-2.5.2.jar;D:\Maven\org\springframework\boot\spring-boot-autoconfigure\2.5.2\spring-boot-autoconfigure-2.5.2.jar;D:\Maven\org\springframework\boot\spring-boot-starter-logging\2.5.2\spring-boot-starter-logging-2.5.2.jar;D:\Maven\ch\qos\logback\logback-classic\1.2.3\logback-classic-1.2.3.jar;D:\Maven\ch\qos\logback\logback-core\1.2.3\logback-core-1.2.3.jar;D:\Maven\org\apache\logging\log4j\log4j-to-slf4j\2.14.1\log4j-to-slf4j-2.14.1.jar;D:\Maven\org\apache\logging\log4j\log4j-api\2.14.1\log4j-api-2.14.1.jar;D:\Maven\org\slf4j\jul-to-slf4j\1.7.31\jul-to-slf4j-1.7.31.jar;D:\Maven\org\yaml\snakeyaml\1.28\snakeyaml-1.28.jar;D:\Maven\org\springframework\boot\spring-boot-starter-jdbc\2.5.2\spring-boot-starter-jdbc-2.5.2.jar;D:\Maven\com\zaxxer\HikariCP\4.0.3\HikariCP-4.0.3.jar;D:\Maven\org\springframework\spring-jdbc\5.3.8\spring-jdbc-5.3.8.jar;D:\Maven\org\springframework\spring-tx\5.3.8\spring-tx-5.3.8.jar;D:\Maven\org\mybatis\spring\boot\mybatis-spring-boot-autoconfigure\2.2.0\mybatis-spring-boot-autoconfigure-2.2.0.jar;D:\Maven\org\mybatis\mybatis\3.5.7\mybatis-3.5.7.jar;D:\Maven\org\mybatis\mybatis-spring\2.0.6\mybatis-spring-2.0.6.jar;D:\Maven\mysql\mysql-connector-java\8.0.25\mysql-connector-java-8.0.25.jar;D:\Maven\org\springframework\boot\spring-boot-starter-test\2.5.2\spring-boot-starter-test-2.5.2.jar;D:\Maven\org\springframework\boot\spring-boot-test\2.5.2\spring-boot-test-2.5.2.jar;D:\Maven\org\springframework\boot\spring-boot-test-autoconfigure\2.5.2\spring-boot-test-autoconfigure-2.5.2.jar;D:\Maven\com\jayway\jsonpath\json-path\2.5.0\json-path-2.5.0.jar;D:\Maven\net\minidev\json-smart\2.4.7\json-smart-2.4.7.jar;D:\Maven\net\minidev\accessors-smart\2.4.7\accessors-smart-2.4.7.jar;D:\Maven\org\ow2\asm\asm\9.1\asm-9.1.jar;D:\Maven\jakarta\xml\bind\jakarta.xml.bind-api\2.3.3\jakarta.xml.bind-api-2.3.3.jar;D:\Maven\jakarta\activation\jakarta.activation-api\1.2.2\jakarta.activation-api-1.2.2.jar;D:\Maven\org\assertj\assertj-core\3.19.0\assertj-core-3.19.0.jar;D:\Maven\org\hamcrest\hamcrest\2.2\hamcrest-2.2.jar;D:\Maven\org\junit\jupiter\junit-jupiter\5.7.2\junit-jupiter-5.7.2.jar;D:\Maven\org\junit\jupiter\junit-jupiter-api\5.7.2\junit-jupiter-api-5.7.2.jar;D:\Maven\org\apiguardian\apiguardian-api\1.1.0\apiguardian-api-1.1.0.jar;D:\Maven\org\opentest4j\opentest4j\1.2.0\opentest4j-1.2.0.jar;D:\Maven\org\junit\platform\junit-platform-commons\1.7.2\junit-platform-commons-1.7.2.jar;D:\Maven\org\junit\jupiter\junit-jupiter-params\5.7.2\junit-jupiter-params-5.7.2.jar;D:\Maven\org\junit\jupiter\junit-jupiter-engine\5.7.2\junit-jupiter-engine-5.7.2.jar;D:\Maven\org\junit\platform\junit-platform-engine\1.7.2\junit-platform-engine-1.7.2.jar;D:\Maven\org\mockito\mockito-core\3.9.0\mockito-core-3.9.0.jar;D:\Maven\net\bytebuddy\byte-buddy\1.10.22\byte-buddy-1.10.22.jar;D:\Maven\net\bytebuddy\byte-buddy-agent\1.10.22\byte-buddy-agent-1.10.22.jar;D:\Maven\org\objenesis\objenesis\3.2\objenesis-3.2.jar;D:\Maven\org\mockito\mockito-junit-jupiter\3.9.0\mockito-junit-jupiter-3.9.0.jar;D:\Maven\org\skyscreamer\jsonassert\1.5.0\jsonassert-1.5.0.jar;D:\Maven\com\vaadin\external\google\android-json\0.0.20131108.vaadin1\android-json-0.0.20131108.vaadin1.jar;D:\Maven\org\springframework\spring-core\5.3.8\spring-core-5.3.8.jar;D:\Maven\org\springframework\spring-jcl\5.3.8\spring-jcl-5.3.8.jar;D:\Maven\org\springframework\spring-test\5.3.8\spring-test-5.3.8.jar;D:\Maven\org\xmlunit\xmlunit-core\2.8.2\xmlunit-core-2.8.2.jar;D:\Maven\org\springframework\boot\spring-boot-starter-web\2.5.2\spring-boot-starter-web-2.5.2.jar;D:\Maven\org\springframework\spring-web\5.3.8\spring-web-5.3.8.jar;D:\Maven\org\springframework\spring-beans\5.3.8\spring-beans-5.3.8.jar;D:\Maven\org\springframework\spring-webmvc\5.3.8\spring-webmvc-5.3.8.jar;D:\Maven\org\springframework\spring-aop\5.3.8\spring-aop-5.3.8.jar;D:\Maven\org\springframework\spring-context\5.3.8\spring-context-5.3.8.jar;D:\Maven\org\springframework\spring-expression\5.3.8\spring-expression-5.3.8.jar;D:\Maven\org\springframework\boot\spring-boot-starter-thymeleaf\2.5.2\spring-boot-starter-thymeleaf-2.5.2.jar;D:\Maven\org\thymeleaf\thymeleaf-spring5\3.0.12.RELEASE\thymeleaf-spring5-3.0.12.RELEASE.jar;D:\Maven\org\thymeleaf\thymeleaf\3.0.12.RELEASE\thymeleaf-3.0.12.RELEASE.jar;D:\Maven\org\attoparser\attoparser\2.0.5.RELEASE\attoparser-2.0.5.RELEASE.jar;D:\Maven\org\unbescape\unbescape\1.1.6.RELEASE\unbescape-1.1.6.RELEASE.jar;D:\Maven\org\thymeleaf\extras\thymeleaf-extras-java8time\3.0.4.RELEASE\thymeleaf-extras-java8time-3.0.4.RELEASE.jar;D:\Maven\org\springframework\boot\spring-boot-starter-freemarker\2.5.2\spring-boot-starter-freemarker-2.5.2.jar;D:\Maven\org\freemarker\freemarker\2.3.31\freemarker-2.3.31.jar;D:\Maven\org\springframework\spring-context-support\5.3.8\spring-context-support-5.3.8.jar;D:\Maven\org\projectlombok\lombok\1.16.18\lombok-1.16.18.jar;D:\Maven\com\github\pagehelper\pagehelper-spring-boot-starter\1.3.1\pagehelper-spring-boot-starter-1.3.1.jar;D:\Maven\com\github\pagehelper\pagehelper-spring-boot-autoconfigure\1.3.1\pagehelper-spring-boot-autoconfigure-1.3.1.jar;D:\Maven\com\github\pagehelper\pagehelper\5.2.1\pagehelper-5.2.1.jar;D:\Maven\com\github\jsqlparser\jsqlparser\4.0\jsqlparser-4.0.jar;D:\Maven\io\springfox\springfox-swagger2\2.9.2\springfox-swagger2-2.9.2.jar;D:\Maven\io\swagger\swagger-annotations\1.5.20\swagger-annotations-1.5.20.jar;D:\Maven\io\swagger\swagger-models\1.5.20\swagger-models-1.5.20.jar;D:\Maven\com\fasterxml\jackson\core\jackson-annotations\2.12.3\jackson-annotations-2.12.3.jar;D:\Maven\io\springfox\springfox-spi\2.9.2\springfox-spi-2.9.2.jar;D:\Maven\io\springfox\springfox-core\2.9.2\springfox-core-2.9.2.jar;D:\Maven\io\springfox\springfox-schema\2.9.2\springfox-schema-2.9.2.jar;D:\Maven\io\springfox\springfox-swagger-common\2.9.2\springfox-swagger-common-2.9.2.jar;D:\Maven\io\springfox\springfox-spring-web\2.9.2\springfox-spring-web-2.9.2.jar;D:\Maven\com\google\guava\guava\20.0\guava-20.0.jar;D:\Maven\com\fasterxml\classmate\1.5.1\classmate-1.5.1.jar;D:\Maven\org\slf4j\slf4j-api\1.7.31\slf4j-api-1.7.31.jar;D:\Maven\org\springframework\plugin\spring-plugin-core\1.2.0.RELEASE\spring-plugin-core-1.2.0.RELEASE.jar;D:\Maven\org\springframework\plugin\spring-plugin-metadata\1.2.0.RELEASE\spring-plugin-metadata-1.2.0.RELEASE.jar;D:\Maven\org\mapstruct\mapstruct\1.2.0.Final\mapstruct-1.2.0.Final.jar;D:\Maven\io\springfox\springfox-swagger-ui\2.9.2\springfox-swagger-ui-2.9.2.jar;D:\Maven\com\alibaba\fastjson\1.2.35\fastjson-1.2.35.jar;D:\Maven\org\springframework\boot\spring-boot-starter-json\2.0.3.RELEASE\spring-boot-starter-json-2.0.3.RELEASE.jar;D:\Maven\com\fasterxml\jackson\core\jackson-databind\2.12.3\jackson-databind-2.12.3.jar;D:\Maven\com\fasterxml\jackson\core\jackson-core\2.12.3\jackson-core-2.12.3.jar;D:\Maven\com\fasterxml\jackson\datatype\jackson-datatype-jdk8\2.12.3\jackson-datatype-jdk8-2.12.3.jar;D:\Maven\com\fasterxml\jackson\datatype\jackson-datatype-jsr310\2.12.3\jackson-datatype-jsr310-2.12.3.jar;D:\Maven\com\fasterxml\jackson\module\jackson-module-parameter-names\2.12.3\jackson-module-parameter-names-2.12.3.jar;D:\Maven\io\github\yedaxia\japidocs\1.3\japidocs-1.3.jar;D:\Maven\com\google\code\gson\gson\2.8.7\gson-2.8.7.jar;D:\Maven\com\github\javaparser\javaparser-core\3.6.16\javaparser-core-3.6.16.jar;D:\Maven\org\springframework\boot\spring-boot-starter-tomcat\2.5.2\spring-boot-starter-tomcat-2.5.2.jar;D:\Maven\jakarta\annotation\jakarta.annotation-api\1.3.5\jakarta.annotation-api-1.3.5.jar;D:\Maven\org\apache\tomcat\embed\tomcat-embed-core\9.0.48\tomcat-embed-core-9.0.48.jar;D:\Maven\org\apache\tomcat\embed\tomcat-embed-el\9.0.48\tomcat-embed-el-9.0.48.jar;D:\Maven\org\apache\tomcat\embed\tomcat-embed-websocket\9.0.48\tomcat-embed-websocket-9.0.48.jar;"/>
    <property name="sun.cpu.endian" value="little"/>
    <property name="user.home" value="C:\Users\Administrator"/>
    <property name="user.language" value="zh"/>
    <property name="java.specification.vendor" value="Oracle Corporation"/>
    <property name="java.home" value="C:\Program Files\Java\jdk1.8.0_151\jre"/>
    <property name="basedir" value="D:\Program Files (x86)\springboot-yidong"/>
    <property name="file.separator" value="\"/>
    <property name="line.separator" value="&#10;"/>
    <property name="java.vm.specification.vendor" value="Oracle Corporation"/>
    <property name="java.specification.name" value="Java Platform API Specification"/>
    <property name="java.awt.graphicsenv" value="sun.awt.Win32GraphicsEnvironment"/>
    <property name="surefire.real.class.path" value="C:\Users\ADMINI~1\AppData\Local\Temp\surefire8251879755900676065\surefirebooter4645391597073157733.jar"/>
    <property name="sun.boot.class.path" value="C:\Program Files\Java\jdk1.8.0_151\jre\lib\resources.jar;C:\Program Files\Java\jdk1.8.0_151\jre\lib\rt.jar;C:\Program Files\Java\jdk1.8.0_151\jre\lib\sunrsasign.jar;C:\Program Files\Java\jdk1.8.0_151\jre\lib\jsse.jar;C:\Program Files\Java\jdk1.8.0_151\jre\lib\jce.jar;C:\Program Files\Java\jdk1.8.0_151\jre\lib\charsets.jar;C:\Program Files\Java\jdk1.8.0_151\jre\lib\jfr.jar;C:\Program Files\Java\jdk1.8.0_151\jre\classes"/>
    <property name="user.script" value=""/>
    <property name="sun.management.compiler" value="HotSpot 64-Bit Tiered Compilers"/>
    <property name="java.runtime.version" value="1.8.0_151-b12"/>
    <property name="user.name" value="Administrator"/>
    <property name="path.separator" value=";"/>
    <property name="os.version" value="10.0"/>
    <property name="java.endorsed.dirs" value="C:\Program Files\Java\jdk1.8.0_151\jre\lib\endorsed"/>
    <property name="java.runtime.name" value="Java(TM) SE Runtime Environment"/>
    <property name="file.encoding" value="GBK"/>
    <property name="java.vm.name" value="Java HotSpot(TM) 64-Bit Server VM"/>
    <property name="localRepository" value="D:\Maven"/>
    <property name="java.vendor.url.bug" value="http://bugreport.sun.com/bugreport/"/>
    <property name="java.io.tmpdir" value="C:\Users\ADMINI~1\AppData\Local\Temp\"/>
    <property name="idea.version" value="2020.2.3"/>
    <property name="java.version" value="1.8.0_151"/>
    <property name="user.dir" value="D:\Program Files (x86)\springboot-yidong"/>
    <property name="os.arch" value="amd64"/>
    <property name="java.vm.specification.name" value="Java Virtual Machine Specification"/>
    <property name="java.awt.printerjob" value="sun.awt.windows.WPrinterJob"/>
    <property name="sun.os.patch.level" value=""/>
    <property name="java.library.path" value="C:\Program Files\Java\jdk1.8.0_151\jre\bin;C:\Windows\Sun\Java\bin;C:\Windows\system32;C:\Windows;C:\ProgramData\Oracle\Java\javapath;C:\Windows\system32;C:\Windows;C:\Windows\System32\Wbem;C:\Windows\System32\WindowsPowerShell\v1.0\;C:\Windows\System32\OpenSSH\;C:\Program Files\MySQL\MySQL Server 5.5\bin;C:\Program Files\Java\jdk1.8.0_151\bin;C:\Program Files (x86)\scala\bin;C:\Program Files (x86)\scala\bin;D:\apache-maven-3.6.3\bin;D:\NodeJS\;D:\Git\Git\cmd;C:\Program Files\TortoiseSVN\bin;D:\SVN\bin;C:\Program Files\Microsoft SQL Server\Client SDK\ODBC\170\Tools\Binn\;C:\Program Files (x86)\Microsoft SQL Server\150\Tools\Binn\;C:\Program Files\Microsoft SQL Server\150\Tools\Binn\;C:\Program Files\Microsoft SQL Server\150\DTS\Binn\;C:\Program Files (x86)\Microsoft SQL Server\150\DTS\Binn\;C:\Program Files\Azure Data Studio\bin;C:\Users\Administrator\AppData\Local\Microsoft\WindowsApps;;D:\妗岄潰\Microsoft VS Code\bin;C:\Users\Administrator\AppData\Roaming\npm;C:\Program Files\Azure Data Studio\bin;."/>
    <property name="java.vm.info" value="mixed mode"/>
    <property name="java.vendor" value="Oracle Corporation"/>
    <property name="java.vm.version" value="25.151-b12"/>
    <property name="java.ext.dirs" value="C:\Program Files\Java\jdk1.8.0_151\jre\lib\ext;C:\Windows\Sun\Java\lib\ext"/>
    <property name="sun.io.unicode.encoding" value="UnicodeLittle"/>
    <property name="java.class.version" value="52.0"/>
  </properties>
  <testcase name="contextLoads" classname="com.example.demo.DemoApplicationTests" time="0.207"/>
</testsuite>